<?xml version="1.0" encoding="UTF-8"?>
<testsuite xmlns:xsi="http://www.w3.org/2001/XMLSchema-instance" xsi:noNamespaceSchemaLocation="https://maven.apache.org/surefire/maven-surefire-plugin/xsd/surefire-test-report-3.0.xsd" version="3.0" name="shapes.TriangleTest" time="0.01" tests="3" errors="0" skipped="0" failures="0">
  <properties>
    <property name="java.specification.version" value="20"/>
    <property name="sun.jnu.encoding" value="UTF-8"/>
    <property name="java.class.path" value="/Users/herisetraf.tafitasoarazafiarison/eclipse-workspace/persistence/target/test-classes:/Users/herisetraf.tafitasoarazafiarison/eclipse-workspace/persistence/target/classes:/Users/herisetraf.tafitasoarazafiarison/.m2/repository/org/junit/jupiter/junit-jupiter-engine/5.4.0/junit-jupiter-engine-5.4.0.jar:/Users/herisetraf.tafitasoarazafiarison/.m2/repository/org/apiguardian/apiguardian-api/1.0.0/apiguardian-api-1.0.0.jar:/Users/herisetraf.tafitasoarazafiarison/.m2/repository/org/junit/platform/junit-platform-engine/1.4.0/junit-platform-engine-1.4.0.jar:/Users/herisetraf.tafitasoarazafiarison/.m2/repository/org/opentest4j/opentest4j/1.1.1/opentest4j-1.1.1.jar:/Users/herisetraf.tafitasoarazafiarison/.m2/repository/org/junit/platform/junit-platform-commons/1.4.0/junit-platform-commons-1.4.0.jar:/Users/herisetraf.tafitasoarazafiarison/.m2/repository/org/junit/jupiter/junit-jupiter-api/5.4.0/junit-jupiter-api-5.4.0.jar:/Users/herisetraf.tafitasoarazafiarison/.m2/repository/org/glassfish/javax.json/1.0.4/javax.json-1.0.4.jar:/Users/herisetraf.tafitasoarazafiarison/.m2/repository/org/apache/commons/commons-lang3/3.13.0/commons-lang3-3.13.0.jar:/Users/herisetraf.tafitasoarazafiarison/.m2/repository/edu/uga/miage/m1/edu.uga.singleshape/1.0.1/edu.uga.singleshape-1.0.1.jar:"/>
    <property name="java.vm.vendor" value="Eclipse Adoptium"/>
    <property name="sun.arch.data.model" value="64"/>
    <property name="java.vendor.url" value="https://adoptium.net/"/>
    <property name="os.name" value="Mac OS X"/>
    <property name="java.vm.specification.version" value="20"/>
    <property name="sun.java.launcher" value="SUN_STANDARD"/>
    <property name="user.country" value="FR"/>
    <property name="sun.boot.library.path" value="/Users/herisetraf.tafitasoarazafiarison/.p2/pool/plugins/org.eclipse.justj.openjdk.hotspot.jre.full.macosx.x86_64_20.0.2.v20230801-2057/jre/lib"/>
    <property name="sun.java.command" value="/Users/herisetraf.tafitasoarazafiarison/eclipse-workspace/persistence/target/surefire/surefirebooter5888853468489120770.jar /Users/herisetraf.tafitasoarazafiarison/eclipse-workspace/persistence/target/surefire 2023-11-20T05-44-38_542-jvmRun1 surefire11667069161684560306tmp surefire_010339878799698398161tmp"/>
    <property name="http.nonProxyHosts" value="local|*.local|169.254/16|*.169.254/16"/>
    <property name="jdk.debug" value="release"/>
    <property name="surefire.test.class.path" value="/Users/herisetraf.tafitasoarazafiarison/eclipse-workspace/persistence/target/test-classes:/Users/herisetraf.tafitasoarazafiarison/eclipse-workspace/persistence/target/classes:/Users/herisetraf.tafitasoarazafiarison/.m2/repository/org/junit/jupiter/junit-jupiter-engine/5.4.0/junit-jupiter-engine-5.4.0.jar:/Users/herisetraf.tafitasoarazafiarison/.m2/repository/org/apiguardian/apiguardian-api/1.0.0/apiguardian-api-1.0.0.jar:/Users/herisetraf.tafitasoarazafiarison/.m2/repository/org/junit/platform/junit-platform-engine/1.4.0/junit-platform-engine-1.4.0.jar:/Users/herisetraf.tafitasoarazafiarison/.m2/repository/org/opentest4j/opentest4j/1.1.1/opentest4j-1.1.1.jar:/Users/herisetraf.tafitasoarazafiarison/.m2/repository/org/junit/platform/junit-platform-commons/1.4.0/junit-platform-commons-1.4.0.jar:/Users/herisetraf.tafitasoarazafiarison/.m2/repository/org/junit/jupiter/junit-jupiter-api/5.4.0/junit-jupiter-api-5.4.0.jar:/Users/herisetraf.tafitasoarazafiarison/.m2/repository/org/glassfish/javax.json/1.0.4/javax.json-1.0.4.jar:/Users/herisetraf.tafitasoarazafiarison/.m2/repository/org/apache/commons/commons-lang3/3.13.0/commons-lang3-3.13.0.jar:/Users/herisetraf.tafitasoarazafiarison/.m2/repository/edu/uga/miage/m1/edu.uga.singleshape/1.0.1/edu.uga.singleshape-1.0.1.jar:"/>
    <property name="sun.cpu.endian" value="little"/>
    <property name="user.home" value="/Users/herisetraf.tafitasoarazafiarison"/>
    <property name="user.language" value="fr"/>
    <property name="java.specification.vendor" value="Oracle Corporation"/>
    <property name="java.version.date" value="2023-07-18"/>
    <property name="java.home" value="/Users/herisetraf.tafitasoarazafiarison/.p2/pool/plugins/org.eclipse.justj.openjdk.hotspot.jre.full.macosx.x86_64_20.0.2.v20230801-2057/jre"/>
    <property name="file.separator" value="/"/>
    <property name="basedir" value="/Users/herisetraf.tafitasoarazafiarison/eclipse-workspace/persistence"/>
    <property name="style.color" value="always"/>
    <property name="java.vm.compressedOopsMode" value="Zero based"/>
    <property name="line.separator" value="&#10;"/>
    <property name="java.vm.specification.vendor" value="Oracle Corporation"/>
    <property name="java.specification.name" value="Java Platform API Specification"/>
    <property name="apple.awt.application.name" value="ForkedBooter"/>
    <property name="surefire.real.class.path" value="/Users/herisetraf.tafitasoarazafiarison/eclipse-workspace/persistence/target/surefire/surefirebooter5888853468489120770.jar"/>
    <property name="sun.management.compiler" value="HotSpot 64-Bit Tiered Compilers"/>
    <property name="ftp.nonProxyHosts" value="local|*.local|169.254/16|*.169.254/16"/>
    <property name="java.runtime.version" value="20.0.2+9"/>
    <property name="user.name" value="herisetraf.tafitasoarazafiarison"/>
    <property name="stdout.encoding" value="UTF-8"/>
    <property name="path.separator" value=":"/>
    <property name="os.version" value="14.0"/>
    <property name="java.runtime.name" value="OpenJDK Runtime Environment"/>
    <property name="file.encoding" value="UTF-8"/>
    <property name="java.vm.name" value="OpenJDK 64-Bit Server VM"/>
    <property name="java.vendor.version" value="Temurin-20.0.2+9"/>
    <property name="localRepository" value="/Users/herisetraf.tafitasoarazafiarison/.m2/repository"/>
    <property name="java.vendor.url.bug" value="https://github.com/adoptium/adoptium-support/issues"/>
    <property name="java.io.tmpdir" value="/var/folders/9r/4stxvhc12450wmjsd086k__m0000gn/T/"/>
    <property name="java.version" value="20.0.2"/>
    <property name="user.dir" value="/Users/herisetraf.tafitasoarazafiarison/eclipse-workspace/persistence"/>
    <property name="os.arch" value="x86_64"/>
    <property name="java.vm.specification.name" value="Java Virtual Machine Specification"/>
    <property name="native.encoding" value="UTF-8"/>
    <property name="java.library.path" value="/Users/herisetraf.tafitasoarazafiarison/Library/Java/Extensions:/Library/Java/Extensions:/Network/Library/Java/Extensions:/System/Library/Java/Extensions:/usr/lib/java:."/>
    <property name="java.vm.info" value="mixed mode"/>
    <property name="stderr.encoding" value="UTF-8"/>
    <property name="java.vendor" value="Eclipse Adoptium"/>
    <property name="java.vm.version" value="20.0.2+9"/>
    <property name="sun.io.unicode.encoding" value="UnicodeBig"/>
    <property name="socksNonProxyHosts" value="local|*.local|169.254/16|*.169.254/16"/>
    <property name="java.class.version" value="64.0"/>
  </properties>
  <testcase name="testXPosition" classname="shapes.TriangleTest" time="0.004"/>
  <testcase name="testAcceptXMLVisitor" classname="shapes.TriangleTest" time="0.003"/>
  <testcase name="testYPosition" classname="shapes.TriangleTest" time="0"/>
</testsuite>